<?xml version="1.0" encoding="UTF-8"?>
<testng-results ignored="0" total="1" passed="1" failed="0" skipped="0">
  <reporter-output>
  </reporter-output>
  <suite started-at="2026-03-31T18:25:35 IST" name="Test Suite" finished-at="2026-03-31T18:25:38 IST" duration-ms="2075">
    <groups>
    </groups>
    <test started-at="2026-03-31T18:25:35 IST" name="Test" finished-at="2026-03-31T18:25:38 IST" duration-ms="2075">
      <class name="com.tests.DemoTest1">
        <test-method signature="browserTest()[pri:0, instance:com.tests.DemoTest1@2a3b5b47]" started-at="2026-03-31T18:25:36 IST" name="browserTest" finished-at="2026-03-31T18:25:38 IST" duration-ms="2023" status="PASS">
          <reporter-output>
          </reporter-output>
        </test-method> <!-- browserTest -->
      </class> <!-- com.tests.DemoTest1 -->
    </test> <!-- Test -->
  </suite> <!-- Test Suite -->
</testng-results>
